<?xml version="1.0" encoding="UTF-8"?>
<!-- Generated by org.testng.reporters.JUnitXMLReporter -->
<testsuite ignored="0" hostname="AvSom-J27" failures="0" tests="10" name="Surefire test" time="30.444" errors="0" timestamp="03 May 2023 19:38:09 GMT">
  <testcase classname="api.test.DDTests" name="testPostUser" time="4.573"/>
  <testcase classname="api.test.DDTests" name="testPostUser" time="2.022"/>
  <testcase classname="api.test.DDTests" name="testPostUser" time="2.25"/>
  <testcase classname="api.test.DDTests" name="testPostUser" time="2.046"/>
  <testcase classname="api.test.UserTests" name="testPostUser" time="2.331"/>
  <testcase classname="api.test.DDTests" name="testDeleteUserByName" time="2.274"/>
  <testcase classname="api.test.DDTests" name="testDeleteUserByName" time="2.251"/>
  <testcase classname="api.test.DDTests" name="testDeleteUserByName" time="2.152"/>
  <testcase classname="api.test.DDTests" name="testDeleteUserByName" time="1.738"/>
  <testcase classname="api.test.UserTests" name="testUpdateUserByName" time="6.807"/>
</testsuite> <!-- Surefire test -->
