<?xml version="1.0" encoding="UTF-8"?>
<!-- Generated by org.testng.reporters.JUnitXMLReporter -->
<testsuite ignored="0" hostname="AvSom-J27" failures="0" tests="8" name="Default test" time="19.337" errors="0" timestamp="03 May 2023 10:11:29 GMT">
  <testcase classname="api.test.DDTests" name="testPostUser" time="4.041"/>
  <testcase classname="api.test.DDTests" name="testPostUser" time="2.271"/>
  <testcase classname="api.test.DDTests" name="testPostUser" time="1.766"/>
  <testcase classname="api.test.DDTests" name="testPostUser" time="1.913"/>
  <testcase classname="api.test.DDTests" name="testDeleteUserByName" time="2.165"/>
  <testcase classname="api.test.DDTests" name="testDeleteUserByName" time="2.047"/>
  <testcase classname="api.test.DDTests" name="testDeleteUserByName" time="1.842"/>
  <testcase classname="api.test.DDTests" name="testDeleteUserByName" time="1.946"/>
</testsuite> <!-- Default test -->
