<?xml version="1.0" encoding="UTF-8"?>
<testsuite xmlns:xsi="http://www.w3.org/2001/XMLSchema-instance" xsi:noNamespaceSchemaLocation="https://maven.apache.org/surefire/maven-surefire-plugin/xsd/surefire-test-report-3.0.xsd" version="3.0" name="TestSuite" time="30.903" tests="10" errors="0" skipped="0" failures="0">
  <properties>
[...]
</properties>
  <testcase name="testPostUser[1014, testUser1, John, Cannada, a@gmail.com, test@1, 123456789](1)" classname="api.test.DDTests" time="4.591">
    <system-out><![CDATA[============ Create User =================
Request method:	POST
Request URI:	https://petstore.swagger.io/v2/user
Proxy:			<none>
Request params:	<none>
Query params:	<none>
Form params:	<none>
Path params:	<none>
Headers:		Accept=application/json, application/javascript, text/javascript, text/json
				Content-Type=application/json
Cookies:		<none>
Multiparts:		<none>
Body:
{
    "id": 1014,
    "username": "testUser1",
    "firstname": "John",
    "lastname": "Cannada",
    "email": "a@gmail.com",
    "password": "test@1",
    "phone": "123456789",
    "userStatus": 0
}
== Create Response==
]]></system-out>
  </testcase>
  <testcase name="testPostUser[1015, testUser2, Kim, Richards, b@gmail.com, test@2, 123456790](2)" classname="api.test.DDTests" time="2.004">
    <system-out><![CDATA[============ Create User =================
Request method:	POST
Request URI:	https://petstore.swagger.io/v2/user
Proxy:			<none>
Request params:	<none>
Query params:	<none>
Form params:	<none>
Path params:	<none>
Headers:		Accept=application/json, application/javascript, text/javascript, text/json
				Content-Type=application/json
Cookies:		<none>
Multiparts:		<none>
Body:
{
    "id": 1015,
    "username": "testUser2",
    "firstname": "Kim",
    "lastname": "Richards",
    "email": "b@gmail.com",
    "password": "test@2",
    "phone": "123456790",
    "userStatus": 0
}
== Create Response==
]]></system-out>
  </testcase>
  <testcase name="testPostUser[1016, testUser3, Smith, Holly, c@gmail.com, test@3, 123456791](3)" classname="api.test.DDTests" time="2.252">
    <system-out><![CDATA[============ Create User =================
Request method:	POST
Request URI:	https://petstore.swagger.io/v2/user
Proxy:			<none>
Request params:	<none>
Query params:	<none>
Form params:	<none>
Path params:	<none>
Headers:		Accept=application/json, application/javascript, text/javascript, text/json
				Content-Type=application/json
Cookies:		<none>
Multiparts:		<none>
Body:
{
    "id": 1016,
    "username": "testUser3",
    "firstname": "Smith",
    "lastname": "Holly",
    "email": "c@gmail.com",
    "password": "test@3",
    "phone": "123456791",
    "userStatus": 0
}
== Create Response==
]]></system-out>
  </testcase>
  <testcase name="testPostUser[1017, testUser4, Harry, Marry, e@gmail.com, test@4, 123456792](4)" classname="api.test.DDTests" time="2.047">
    <system-out><![CDATA[============ Create User =================
Request method:	POST
Request URI:	https://petstore.swagger.io/v2/user
Proxy:			<none>
Request params:	<none>
Query params:	<none>
Form params:	<none>
Path params:	<none>
Headers:		Accept=application/json, application/javascript, text/javascript, text/json
				Content-Type=application/json
Cookies:		<none>
Multiparts:		<none>
Body:
{
    "id": 1017,
    "username": "testUser4",
    "firstname": "Harry",
    "lastname": "Marry",
    "email": "e@gmail.com",
    "password": "test@4",
    "phone": "123456792",
    "userStatus": 0
}
== Create Response==
]]></system-out>
  </testcase>
  <testcase name="testDeleteUserByName[testUser1](1)" classname="api.test.DDTests" time="2.275">
    <system-out><![CDATA[============ Delete User =================
Request method:	DELETE
Request URI:	https://petstore.swagger.io/v2/user/testUser1
Proxy:			<none>
Request params:	<none>
Query params:	<none>
Form params:	<none>
Path params:	username=testUser1
Headers:		Accept=*/*
Cookies:		<none>
Multiparts:		<none>
Body:			<none>
== Delete Response==
]]></system-out>
  </testcase>
  <testcase name="testDeleteUserByName[testUser2](2)" classname="api.test.DDTests" time="2.252">
    <system-out><![CDATA[============ Delete User =================
Request method:	DELETE
Request URI:	https://petstore.swagger.io/v2/user/testUser2
Proxy:			<none>
Request params:	<none>
Query params:	<none>
Form params:	<none>
Path params:	username=testUser2
Headers:		Accept=*/*
Cookies:		<none>
Multiparts:		<none>
Body:			<none>
== Delete Response==
]]></system-out>
  </testcase>
  <testcase name="testDeleteUserByName[testUser3](3)" classname="api.test.DDTests" time="2.152">
    <system-out><![CDATA[============ Delete User =================
Request method:	DELETE
Request URI:	https://petstore.swagger.io/v2/user/testUser3
Proxy:			<none>
Request params:	<none>
Query params:	<none>
Form params:	<none>
Path params:	username=testUser3
Headers:		Accept=*/*
Cookies:		<none>
Multiparts:		<none>
Body:			<none>
== Delete Response==
]]></system-out>
  </testcase>
  <testcase name="testDeleteUserByName[testUser4](4)" classname="api.test.DDTests" time="1.739">
    <system-out><![CDATA[============ Delete User =================
Request method:	DELETE
Request URI:	https://petstore.swagger.io/v2/user/testUser4
Proxy:			<none>
Request params:	<none>
Query params:	<none>
Form params:	<none>
Path params:	username=testUser4
Headers:		Accept=*/*
Cookies:		<none>
Multiparts:		<none>
Body:			<none>
== Delete Response==
]]></system-out>
  </testcase>
  <testcase name="testPostUser" classname="api.test.UserTests" time="2.335">
    <system-out><![CDATA[Request method:	POST
Request URI:	https://petstore.swagger.io/v2/user
Proxy:			<none>
Request params:	<none>
Query params:	<none>
Form params:	<none>
Path params:	<none>
Headers:		Accept=application/json, application/javascript, text/javascript, text/json
				Content-Type=application/json
Cookies:		<none>
Multiparts:		<none>
Body:
{
    "id": 1567732992,
    "username": "ross.wehner",
    "firstname": "Celesta",
    "lastname": "Schimmel",
    "email": "jana.schaefer@example.com",
    "password": "zf4qhwj9",
    "phone": "(862) 405-4830",
    "userStatus": 0
}
HTTP/1.1 200 OK
Date: Wed, 03 May 2023 19:37:55 GMT
Content-Type: application/json
Transfer-Encoding: chunked
Connection: keep-alive
Access-Control-Allow-Origin: *
Access-Control-Allow-Methods: GET, POST, DELETE, PUT
Access-Control-Allow-Headers: Content-Type, api_key, Authorization
Server: Jetty(9.2.9.v20150224)

{
    "code": 200,
    "type": "unknown",
    "message": "1567732992"
}
]]></system-out>
  </testcase>
  <testcase name="testUpdateUserByName" classname="api.test.UserTests" time="6.807">
    <system-out><![CDATA[Request method:	PUT
Request URI:	https://petstore.swagger.io/v2/user/derrick.ward
Proxy:			<none>
Request params:	<none>
Query params:	<none>
Form params:	<none>
Path params:	username=derrick.ward
Headers:		Accept=application/json, application/javascript, text/javascript, text/json
				Content-Type=application/json
Cookies:		<none>
Multiparts:		<none>
Body:
{
    "id": 613097617,
    "username": "derrick.ward",
    "firstname": "Edmund",
    "lastname": "Boyle",
    "email": "donnette.homenick@example.com",
    "password": "x4qdozugi",
    "phone": "552.621.0842",
    "userStatus": 0
}
== Update Response==
HTTP/1.1 200 OK
Date: Wed, 03 May 2023 19:38:06 GMT
Content-Type: application/json
Transfer-Encoding: chunked
Connection: keep-alive
Access-Control-Allow-Origin: *
Access-Control-Allow-Methods: GET, POST, DELETE, PUT
Access-Control-Allow-Headers: Content-Type, api_key, Authorization
Server: Jetty(9.2.9.v20150224)

{
    "code": 200,
    "type": "unknown",
    "message": "613097617"
}
Request method:	GET
Request URI:	https://petstore.swagger.io/v2/user/derrick.ward
Proxy:			<none>
Request params:	<none>
Query params:	<none>
Form params:	<none>
Path params:	username=derrick.ward
Headers:		Accept=*/*
Cookies:		<none>
Multiparts:		<none>
Body:			<none>
HTTP/1.1 200 OK
Date: Wed, 03 May 2023 19:38:08 GMT
Content-Type: application/json
Transfer-Encoding: chunked
Connection: keep-alive
Access-Control-Allow-Origin: *
Access-Control-Allow-Methods: GET, POST, DELETE, PUT
Access-Control-Allow-Headers: Content-Type, api_key, Authorization
Server: Jetty(9.2.9.v20150224)

{
    "id": 613097617,
    "username": "derrick.ward",
    "email": "donnette.homenick@example.com",
    "password": "x4qdozugi",
    "phone": "552.621.0842",
    "userStatus": 0
}
Request method:	DELETE
Request URI:	https://petstore.swagger.io/v2/user/derrick.ward
Proxy:			<none>
Request params:	<none>
Query params:	<none>
Form params:	<none>
Path params:	username=derrick.ward
Headers:		Accept=*/*
Cookies:		<none>
Multiparts:		<none>
Body:			<none>
HTTP/1.1 200 OK
Date: Wed, 03 May 2023 19:38:10 GMT
Content-Type: application/json
Transfer-Encoding: chunked
Connection: keep-alive
Access-Control-Allow-Origin: *
Access-Control-Allow-Methods: GET, POST, DELETE, PUT
Access-Control-Allow-Headers: Content-Type, api_key, Authorization
Server: Jetty(9.2.9.v20150224)

{
    "code": 200,
    "type": "unknown",
    "message": "derrick.ward"
}
]]></system-out>
  </testcase>
</testsuite>