<?xml version="1.0" encoding="UTF-8"?>
<testng-results ignored="0" total="2" passed="2" failed="0" skipped="0">
  <reporter-output>
  </reporter-output>
  <suite started-at="2023-05-03T13:46:03Z" name="Pet Users Suite" finished-at="2023-05-03T13:46:14Z" duration-ms="10145">
    <groups>
    </groups>
    <test started-at="2023-05-03T13:46:03Z" name="TestUsers" finished-at="2023-05-03T13:46:14Z" duration-ms="10145">
      <class name="api.test.UserTests2">
        <test-method is-config="true" signature="setupData()[pri:0, instance:api.test.UserTests2@616ac46a]" started-at="2023-05-03T13:46:04Z" name="setupData" finished-at="2023-05-03T13:46:04Z" duration-ms="715" status="PASS">
          <reporter-output>
          </reporter-output>
        </test-method> <!-- setupData -->
        <test-method signature="testPostUser()[pri:1, instance:api.test.UserTests2@616ac46a]" started-at="2023-05-03T13:46:04Z" name="testPostUser" finished-at="2023-05-03T13:46:08Z" duration-ms="3904" status="PASS">
          <reporter-output>
          </reporter-output>
        </test-method> <!-- testPostUser -->
        <test-method is-config="true" signature="setupData()[pri:0, instance:api.test.UserTests2@616ac46a]" started-at="2023-05-03T13:46:08Z" name="setupData" finished-at="2023-05-03T13:46:08Z" duration-ms="78" status="PASS">
          <reporter-output>
          </reporter-output>
        </test-method> <!-- setupData -->
        <test-method signature="testUpdateUserByName()[pri:3, instance:api.test.UserTests2@616ac46a]" started-at="2023-05-03T13:46:08Z" name="testUpdateUserByName" finished-at="2023-05-03T13:46:14Z" duration-ms="5181" status="PASS">
          <reporter-output>
          </reporter-output>
        </test-method> <!-- testUpdateUserByName -->
      </class> <!-- api.test.UserTests2 -->
    </test> <!-- TestUsers -->
  </suite> <!-- Pet Users Suite -->
</testng-results>
